[2026-02-15 22:49:32] ⚠️ Could not fetch price
[2026-02-15 22:50:50] 
━━━━━━━━━━━━━━━━━━━━━━━━━━━━━━━━━━━━━━━━
📊 PAPER TRADING REPORT - MORNING
━━━━━━━━━━━━━━━━━━━━━━━━━━━━━━━━━━━━━━━━
⏰ Sunday 22:50
🪙 MATIC @ $0.5000
📈 Regime: CHOPPY

💰 PORTFOLIO
   USDC: $10,000.00
   MATIC: 0.00 ($0.00)
   Total: $10,000.00

📊 PERFORMANCE
   P&L: $+0.00
   Today: $+0.00
   Win Rate: 0.0% (0W/0L)
   Trades: 0 today, 0 total
   Position: NONE
━━━━━━━━━━━━━━━━━━━━━━━━━━━━━━━━━━━━━━━━

[2026-02-15 22:51:03] 🤖 Trading | MATIC: $0.5213
[2026-02-15 22:51:03] ⏸️ HOLD (+0.3%)
[2026-02-15 22:51:18] 🤖 Trading | MATIC: $0.5148
[2026-02-15 22:51:18] ⏸️ HOLD (-1.0%)
